<?xml version="1.0" encoding="UTF-8" ?>
<testsuite tests="12" failures="0" name="com.rahulshettyacademy.runner.TestRunner" time="0.469" errors="0" skipped="9">
  <properties>
[...]
</properties>
  <testcase classname="| Kolkata |" name="Given User launch website &quot;https://rahulshettyacademy.com/AutomationPractice/&quot;" time="0.081">
    <skipped/>
  </testcase>
  <testcase classname="| Kolkata |" name="And Navigate to table &quot;Web Table Fixed header&quot;" time="0.093">
    <skipped/>
  </testcase>
  <testcase classname="| Kolkata |" name="Then fetch amount for &quot;Kolkata&quot; and print" time="0.095">
    <skipped/>
  </testcase>
  <testcase classname="| Kolkata |" name="| Kolkata |" time="0.096"/>
  <testcase classname="| Mumbai |" name="Given User launch website &quot;https://rahulshettyacademy.com/AutomationPractice/&quot;" time="0.011">
    <skipped/>
  </testcase>
  <testcase classname="| Mumbai |" name="And Navigate to table &quot;Web Table Fixed header&quot;" time="0.015">
    <skipped/>
  </testcase>
  <testcase classname="| Mumbai |" name="Then fetch amount for &quot;Mumbai&quot; and print" time="0.022">
    <skipped/>
  </testcase>
  <testcase classname="| Mumbai |" name="| Mumbai |" time="0.022"/>
  <testcase classname="| Delhi |" name="Given User launch website &quot;https://rahulshettyacademy.com/AutomationPractice/&quot;" time="0.006">
    <skipped/>
  </testcase>
  <testcase classname="| Delhi |" name="And Navigate to table &quot;Web Table Fixed header&quot;" time="0.006">
    <skipped/>
  </testcase>
  <testcase classname="| Delhi |" name="Then fetch amount for &quot;Delhi&quot; and print" time="0.01">
    <skipped/>
  </testcase>
  <testcase classname="| Delhi |" name="| Delhi |" time="0.012"/>
</testsuite>